# JRE version: OpenJDK Runtime Environment (8.0_202) (build 1.8.0_202-release-1483-b49-5587405)
# Java VM: OpenJDK 64-Bit Server VM (25.202-b49-5587405 mixed mode linux-amd64 compressed oops)
Heap:
 PSYoungGen      total 365568K, used 4423K [0x00000000e0000000, 0x00000000f7d00000, 0x0000000100000000)
  eden space 347136K, 0% used [0x00000000e0000000,0x00000000e0000000,0x00000000f5300000)
  from space 18432K, 23% used [0x00000000f5300000,0x00000000f5751d18,0x00000000f6500000)
  to   space 19456K, 0% used [0x00000000f6500000,0x00000000f6500000,0x00000000f7800000)
 ParOldGen       total 126464K, used 65970K [0x00000000a0000000, 0x00000000a7b80000, 0x00000000e0000000)
  object space 126464K, 52% used [0x00000000a0000000,0x00000000a406ca80,0x00000000a7b80000)
 Metaspace       used 77641K, capacity 81379K, committed 81408K, reserved 1120256K
  class space    used 10478K, capacity 11235K, committed 11264K, reserved 1048576K
GC Heap History (10 events):
Event: 746,288 GC heap after
Heap after GC invocations=17 (full 3):
 PSYoungGen      total 227328K, used 16433K [0x00000000e0000000, 0x00000000ef680000, 0x0000000100000000)
  eden space 208896K, 0% used [0x00000000e0000000,0x00000000e0000000,0x00000000ecc00000)
  from space 18432K, 89% used [0x00000000edf80000,0x00000000eef8c778,0x00000000ef180000)
  to   space 19968K, 0% used [0x00000000ecc00000,0x00000000ecc00000,0x00000000edf80000)
 ParOldGen       total 126464K, used 41934K [0x00000000a0000000, 0x00000000a7b80000, 0x00000000e0000000)
  object space 126464K, 33% used [0x00000000a0000000,0x00000000a28f3930,0x00000000a7b80000)
 Metaspace       used 75580K, capacity 78897K, committed 79104K, reserved 1118208K
  class space    used 10301K, capacity 10974K, committed 11008K, reserved 1048576K
}
Event: 746,845 GC heap before
{Heap before GC invocations=18 (full 3):
 PSYoungGen      total 227328K, used 225329K [0x00000000e0000000, 0x00000000ef680000, 0x0000000100000000)
  eden space 208896K, 100% used [0x00000000e0000000,0x00000000ecc00000,0x00000000ecc00000)
  from space 18432K, 89% used [0x00000000edf80000,0x00000000eef8c778,0x00000000ef180000)
  to   space 19968K, 0% used [0x00000000ecc00000,0x00000000ecc00000,0x00000000edf80000)
 ParOldGen       total 126464K, used 41934K [0x00000000a0000000, 0x00000000a7b80000, 0x00000000e0000000)
  object space 126464K, 33% used [0x00000000a0000000,0x00000000a28f3930,0x00000000a7b80000)
 Metaspace       used 76478K, capacity 80055K, committed 80256K, reserved 1118208K
  class space    used 10382K, capacity 11095K, committed 11136K, reserved 1048576K
Event: 746,857 GC heap after
Heap after GC invocations=18 (full 3):
 PSYoungGen      total 228864K, used 5416K [0x00000000e0000000, 0x00000000f3480000, 0x0000000100000000)
  eden space 208896K, 0% used [0x00000000e0000000,0x00000000e0000000,0x00000000ecc00000)
  from space 19968K, 27% used [0x00000000ecc00000,0x00000000ed14a288,0x00000000edf80000)
  to   space 19968K, 0% used [0x00000000f2100000,0x00000000f2100000,0x00000000f3480000)
 ParOldGen       total 126464K, used 47570K [0x00000000a0000000, 0x00000000a7b80000, 0x00000000e0000000)
  object space 126464K, 37% used [0x00000000a0000000,0x00000000a2e74800,0x00000000a7b80000)
 Metaspace       used 76478K, capacity 80055K, committed 80256K, reserved 1118208K
  class space    used 10382K, capacity 11095K, committed 11136K, reserved 1048576K
}
Event: 747,228 GC heap before
{Heap before GC invocations=19 (full 3):
 PSYoungGen      total 228864K, used 214312K [0x00000000e0000000, 0x00000000f3480000, 0x0000000100000000)
  eden space 208896K, 100% used [0x00000000e0000000,0x00000000ecc00000,0x00000000ecc00000)
  from space 19968K, 27% used [0x00000000ecc00000,0x00000000ed14a288,0x00000000edf80000)
  to   space 19968K, 0% used [0x00000000f2100000,0x00000000f2100000,0x00000000f3480000)
 ParOldGen       total 126464K, used 47570K [0x00000000a0000000, 0x00000000a7b80000, 0x00000000e0000000)
  object space 126464K, 37% used [0x00000000a0000000,0x00000000a2e74800,0x00000000a7b80000)
 Metaspace       used 76662K, capacity 80211K, committed 80256K, reserved 1118208K
  class space    used 10391K, capacity 11099K, committed 11136K, reserved 1048576K
Event: 747,245 GC heap after
Heap after GC invocations=19 (full 3):
 PSYoungGen      total 295936K, used 3538K [0x00000000e0000000, 0x00000000f4080000, 0x0000000100000000)
  eden space 275968K, 0% used [0x00000000e0000000,0x00000000e0000000,0x00000000f0d80000)
  from space 19968K, 17% used [0x00000000f2100000,0x00000000f2474bb8,0x00000000f3480000)
  to   space 19968K, 0% used [0x00000000f0d80000,0x00000000f0d80000,0x00000000f2100000)
 ParOldGen       total 126464K, used 50069K [0x00000000a0000000, 0x00000000a7b80000, 0x00000000e0000000)
  object space 126464K, 39% used [0x00000000a0000000,0x00000000a30e5548,0x00000000a7b80000)
 Metaspace       used 76662K, capacity 80211K, committed 80256K, reserved 1118208K
  class space    used 10391K, capacity 11099K, committed 11136K, reserved 1048576K
}
Event: 747,759 GC heap before
{Heap before GC invocations=20 (full 3):
 PSYoungGen      total 295936K, used 279506K [0x00000000e0000000, 0x00000000f4080000, 0x0000000100000000)
  eden space 275968K, 100% used [0x00000000e0000000,0x00000000f0d80000,0x00000000f0d80000)
  from space 19968K, 17% used [0x00000000f2100000,0x00000000f2474bb8,0x00000000f3480000)
  to   space 19968K, 0% used [0x00000000f0d80000,0x00000000f0d80000,0x00000000f2100000)
 ParOldGen       total 126464K, used 50749K [0x00000000a0000000, 0x00000000a7b80000, 0x00000000e0000000)
  object space 126464K, 40% used [0x00000000a0000000,0x00000000a318f648,0x00000000a7b80000)
 Metaspace       used 76870K, capacity 80447K, committed 80512K, reserved 1118208K
  class space    used 10408K, capacity 11133K, committed 11136K, reserved 1048576K
Event: 747,770 GC heap after
Heap after GC invocations=20 (full 3):
 PSYoungGen      total 295936K, used 10092K [0x00000000e0000000, 0x00000000f7800000, 0x0000000100000000)
  eden space 275968K, 0% used [0x00000000e0000000,0x00000000e0000000,0x00000000f0d80000)
  from space 19968K, 50% used [0x00000000f0d80000,0x00000000f175b2d8,0x00000000f2100000)
  to   space 19456K, 0% used [0x00000000f6500000,0x00000000f6500000,0x00000000f7800000)
 ParOldGen       total 126464K, used 52273K [0x00000000a0000000, 0x00000000a7b80000, 0x00000000e0000000)
  object space 126464K, 41% used [0x00000000a0000000,0x00000000a330c580,0x00000000a7b80000)
 Metaspace       used 76870K, capacity 80447K, committed 80512K, reserved 1118208K
  class space    used 10408K, capacity 11133K, committed 11136K, reserved 1048576K
}
Event: 748,125 GC heap before
{Heap before GC invocations=21 (full 3):
 PSYoungGen      total 295936K, used 286060K [0x00000000e0000000, 0x00000000f7800000, 0x0000000100000000)
  eden space 275968K, 100% used [0x00000000e0000000,0x00000000f0d80000,0x00000000f0d80000)
  from space 19968K, 50% used [0x00000000f0d80000,0x00000000f175b2d8,0x00000000f2100000)
  to   space 19456K, 0% used [0x00000000f6500000,0x00000000f6500000,0x00000000f7800000)
 ParOldGen       total 126464K, used 52275K [0x00000000a0000000, 0x00000000a7b80000, 0x00000000e0000000)
  object space 126464K, 41% used [0x00000000a0000000,0x00000000a330ce10,0x00000000a7b80000)
 Metaspace       used 76993K, capacity 80537K, committed 80768K, reserved 1118208K
  class space    used 10411K, capacity 11134K, committed 11136K, reserved 1048576K
Event: 748,143 GC heap after
Heap after GC invocations=21 (full 3):
 PSYoungGen      total 366592K, used 9848K [0x00000000e0000000, 0x00000000f7d00000, 0x0000000100000000)
  eden space 347136K, 0% used [0x00000000e0000000,0x00000000e0000000,0x00000000f5300000)
  from space 19456K, 50% used [0x00000000f6500000,0x00000000f6e9e160,0x00000000f7800000)
  to   space 18432K, 0% used [0x00000000f5300000,0x00000000f5300000,0x00000000f6500000)
 ParOldGen       total 126464K, used 59612K [0x00000000a0000000, 0x00000000a7b80000, 0x00000000e0000000)
  object space 126464K, 47% used [0x00000000a0000000,0x00000000a3a37078,0x00000000a7b80000)
 Metaspace       used 76993K, capacity 80537K, committed 80768K, reserved 1118208K
  class space    used 10411K, capacity 11134K, committed 11136K, reserved 1048576K
}
Event: 748,637 GC heap before
{Heap before GC invocations=22 (full 3):
 PSYoungGen      total 366592K, used 356984K [0x00000000e0000000, 0x00000000f7d00000, 0x0000000100000000)
  eden space 347136K, 100% used [0x00000000e0000000,0x00000000f5300000,0x00000000f5300000)
  from space 19456K, 50% used [0x00000000f6500000,0x00000000f6e9e160,0x00000000f7800000)
  to   space 18432K, 0% used [0x00000000f5300000,0x00000000f5300000,0x00000000f6500000)
 ParOldGen       total 126464K, used 59612K [0x00000000a0000000, 0x00000000a7b80000, 0x00000000e0000000)
  object space 126464K, 47% used [0x00000000a0000000,0x00000000a3a37078,0x00000000a7b80000)
 Metaspace       used 77641K, capacity 81379K, committed 81408K, reserved 1120256K
  class space    used 10478K, capacity 11235K, committed 11264K, reserved 1048576K

