# JRE version: OpenJDK Runtime Environment (8.0_202) (build 1.8.0_202-release-1483-b49-5587405)
# Java VM: OpenJDK 64-Bit Server VM (25.202-b49-5587405 mixed mode linux-amd64 compressed oops)
Heap:
 PSYoungGen      total 494592K, used 0K [0x00000000e0000000, 0x0000000100000000, 0x0000000100000000)
  eden space 467968K, 0% used [0x00000000e0000000,0x00000000e0000000,0x00000000fc900000)
  from space 26624K, 0% used [0x00000000fe480000,0x00000000fe480000,0x00000000ffe80000)
  to   space 28160K, 0% used [0x00000000fc900000,0x00000000fc900000,0x00000000fe480000)
 ParOldGen       total 221696K, used 180350K [0x00000000a0000000, 0x00000000ad880000, 0x00000000e0000000)
  object space 221696K, 81% used [0x00000000a0000000,0x00000000ab01f830,0x00000000ad880000)
 Metaspace       used 98014K, capacity 102470K, committed 102732K, reserved 1138688K
  class space    used 12504K, capacity 13354K, committed 13440K, reserved 1048576K
GC Heap History (10 events):
Event: 3454,703 GC heap after
Heap after GC invocations=28 (full 4):
 PSYoungGen      total 422400K, used 12511K [0x00000000e0000000, 0x00000000fbc80000, 0x0000000100000000)
  eden space 398848K, 0% used [0x00000000e0000000,0x00000000e0000000,0x00000000f8580000)
  from space 23552K, 53% used [0x00000000fa580000,0x00000000fb1b7e58,0x00000000fbc80000)
  to   space 28160K, 0% used [0x00000000f8580000,0x00000000f8580000,0x00000000fa100000)
 ParOldGen       total 200192K, used 71679K [0x00000000a0000000, 0x00000000ac380000, 0x00000000e0000000)
  object space 200192K, 35% used [0x00000000a0000000,0x00000000a45ffda0,0x00000000ac380000)
 Metaspace       used 95325K, capacity 99442K, committed 100300K, reserved 1136640K
  class space    used 12232K, capacity 13004K, committed 13312K, reserved 1048576K
}
Event: 3470,538 GC heap before
{Heap before GC invocations=29 (full 4):
 PSYoungGen      total 422400K, used 411359K [0x00000000e0000000, 0x00000000fbc80000, 0x0000000100000000)
  eden space 398848K, 100% used [0x00000000e0000000,0x00000000f8580000,0x00000000f8580000)
  from space 23552K, 53% used [0x00000000fa580000,0x00000000fb1b7e58,0x00000000fbc80000)
  to   space 28160K, 0% used [0x00000000f8580000,0x00000000f8580000,0x00000000fa100000)
 ParOldGen       total 200192K, used 71679K [0x00000000a0000000, 0x00000000ac380000, 0x00000000e0000000)
  object space 200192K, 35% used [0x00000000a0000000,0x00000000a45ffda0,0x00000000ac380000)
 Metaspace       used 95517K, capacity 99614K, committed 100556K, reserved 1136640K
  class space    used 12237K, capacity 13006K, committed 13312K, reserved 1048576K
Event: 3479,780 GC heap after
Heap after GC invocations=29 (full 4):
 PSYoungGen      total 427008K, used 5328K [0x00000000e0000000, 0x0000000100000000, 0x0000000100000000)
  eden space 398848K, 0% used [0x00000000e0000000,0x00000000e0000000,0x00000000f8580000)
  from space 28160K, 18% used [0x00000000f8580000,0x00000000f8ab4010,0x00000000fa100000)
  to   space 28160K, 0% used [0x00000000fe480000,0x00000000fe480000,0x0000000100000000)
 ParOldGen       total 200192K, used 82801K [0x00000000a0000000, 0x00000000ac380000, 0x00000000e0000000)
  object space 200192K, 41% used [0x00000000a0000000,0x00000000a50dc730,0x00000000ac380000)
 Metaspace       used 95517K, capacity 99614K, committed 100556K, reserved 1136640K
  class space    used 12237K, capacity 13006K, committed 13312K, reserved 1048576K
}
Event: 3508,951 GC heap before
{Heap before GC invocations=30 (full 4):
 PSYoungGen      total 427008K, used 404176K [0x00000000e0000000, 0x0000000100000000, 0x0000000100000000)
  eden space 398848K, 100% used [0x00000000e0000000,0x00000000f8580000,0x00000000f8580000)
  from space 28160K, 18% used [0x00000000f8580000,0x00000000f8ab4010,0x00000000fa100000)
  to   space 28160K, 0% used [0x00000000fe480000,0x00000000fe480000,0x0000000100000000)
 ParOldGen       total 200192K, used 82801K [0x00000000a0000000, 0x00000000ac380000, 0x00000000e0000000)
  object space 200192K, 41% used [0x00000000a0000000,0x00000000a50dc730,0x00000000ac380000)
 Metaspace       used 96000K, capacity 100128K, committed 101068K, reserved 1136640K
  class space    used 12304K, capacity 13071K, committed 13312K, reserved 1048576K
Event: 3509,017 GC heap after
Heap after GC invocations=30 (full 4):
 PSYoungGen      total 495104K, used 8245K [0x00000000e0000000, 0x00000000fff00000, 0x0000000100000000)
  eden space 467968K, 0% used [0x00000000e0000000,0x00000000e0000000,0x00000000fc900000)
  from space 27136K, 30% used [0x00000000fe480000,0x00000000fec8d588,0x00000000fff00000)
  to   space 27648K, 0% used [0x00000000fc900000,0x00000000fc900000,0x00000000fe400000)
 ParOldGen       total 200192K, used 87250K [0x00000000a0000000, 0x00000000ac380000, 0x00000000e0000000)
  object space 200192K, 43% used [0x00000000a0000000,0x00000000a5534b20,0x00000000ac380000)
 Metaspace       used 96000K, capacity 100128K, committed 101068K, reserved 1136640K
  class space    used 12304K, capacity 13071K, committed 13312K, reserved 1048576K
}
Event: 3668,281 GC heap before
{Heap before GC invocations=31 (full 4):
 PSYoungGen      total 495104K, used 476213K [0x00000000e0000000, 0x00000000fff00000, 0x0000000100000000)
  eden space 467968K, 100% used [0x00000000e0000000,0x00000000fc900000,0x00000000fc900000)
  from space 27136K, 30% used [0x00000000fe480000,0x00000000fec8d588,0x00000000fff00000)
  to   space 27648K, 0% used [0x00000000fc900000,0x00000000fc900000,0x00000000fe400000)
 ParOldGen       total 200192K, used 87250K [0x00000000a0000000, 0x00000000ac380000, 0x00000000e0000000)
  object space 200192K, 43% used [0x00000000a0000000,0x00000000a5534b20,0x00000000ac380000)
 Metaspace       used 97455K, capacity 101846K, committed 102220K, reserved 1138688K
  class space    used 12426K, capacity 13292K, committed 13440K, reserved 1048576K
Event: 3668,320 GC heap after
Heap after GC invocations=31 (full 4):
 PSYoungGen      total 495616K, used 8522K [0x00000000e0000000, 0x00000000ffe80000, 0x0000000100000000)
  eden space 467968K, 0% used [0x00000000e0000000,0x00000000e0000000,0x00000000fc900000)
  from space 27648K, 30% used [0x00000000fc900000,0x00000000fd152be0,0x00000000fe400000)
  to   space 26624K, 0% used [0x00000000fe480000,0x00000000fe480000,0x00000000ffe80000)
 ParOldGen       total 200192K, used 93842K [0x00000000a0000000, 0x00000000ac380000, 0x00000000e0000000)
  object space 200192K, 46% used [0x00000000a0000000,0x00000000a5ba4b60,0x00000000ac380000)
 Metaspace       used 97455K, capacity 101846K, committed 102220K, reserved 1138688K
  class space    used 12426K, capacity 13292K, committed 13440K, reserved 1048576K
}
Event: 3669,887 GC heap before
{Heap before GC invocations=32 (full 4):
 PSYoungGen      total 495616K, used 472009K [0x00000000e0000000, 0x00000000ffe80000, 0x0000000100000000)
  eden space 467968K, 99% used [0x00000000e0000000,0x00000000fc49fbc0,0x00000000fc900000)
  from space 27648K, 30% used [0x00000000fc900000,0x00000000fd152be0,0x00000000fe400000)
  to   space 26624K, 0% used [0x00000000fe480000,0x00000000fe480000,0x00000000ffe80000)
 ParOldGen       total 200192K, used 93842K [0x00000000a0000000, 0x00000000ac380000, 0x00000000e0000000)
  object space 200192K, 46% used [0x00000000a0000000,0x00000000a5ba4b60,0x00000000ac380000)
 Metaspace       used 98056K, capacity 102610K, committed 102732K, reserved 1138688K
  class space    used 12518K, capacity 13378K, committed 13440K, reserved 1048576K
Event: 3670,078 GC heap after
Heap after GC invocations=32 (full 4):
 PSYoungGen      total 494592K, used 19991K [0x00000000e0000000, 0x0000000100000000, 0x0000000100000000)
  eden space 467968K, 0% used [0x00000000e0000000,0x00000000e0000000,0x00000000fc900000)
  from space 26624K, 75% used [0x00000000fe480000,0x00000000ff805f58,0x00000000ffe80000)
  to   space 28160K, 0% used [0x00000000fc900000,0x00000000fc900000,0x00000000fe480000)
 ParOldGen       total 221696K, used 211881K [0x00000000a0000000, 0x00000000ad880000, 0x00000000e0000000)
  object space 221696K, 95% used [0x00000000a0000000,0x00000000aceea488,0x00000000ad880000)
 Metaspace       used 98056K, capacity 102610K, committed 102732K, reserved 1138688K
  class space    used 12518K, capacity 13378K, committed 13440K, reserved 1048576K
}
Event: 3670,087 GC heap before
{Heap before GC invocations=33 (full 5):
 PSYoungGen      total 494592K, used 19991K [0x00000000e0000000, 0x0000000100000000, 0x0000000100000000)
  eden space 467968K, 0% used [0x00000000e0000000,0x00000000e0000000,0x00000000fc900000)
  from space 26624K, 75% used [0x00000000fe480000,0x00000000ff805f58,0x00000000ffe80000)
  to   space 28160K, 0% used [0x00000000fc900000,0x00000000fc900000,0x00000000fe480000)
 ParOldGen       total 221696K, used 211881K [0x00000000a0000000, 0x00000000ad880000, 0x00000000e0000000)
  object space 221696K, 95% used [0x00000000a0000000,0x00000000aceea488,0x00000000ad880000)
 Metaspace       used 98056K, capacity 102610K, committed 102732K, reserved 1138688K
  class space    used 12518K, capacity 13378K, committed 13440K, reserved 1048576K

